\BOOKMARK [1][-]{section.1}{\376\377\173\200\116\313}{}% 1
\BOOKMARK [1][-]{section.2}{\376\377\123\167\171\357\171\136\176\317\177\121\176\334\162\171\140\047}{}% 2
\BOOKMARK [2][-]{subsection.2.1}{\376\377\134\100\220\350\141\037\167\345}{section.2}% 3
\BOOKMARK [2][-]{subsection.2.2}{\376\377\123\302\145\160\121\161\116\253}{section.2}% 4
\BOOKMARK [2][-]{subsection.2.3}{\376\377\131\032\123\167\171\357\150\070}{section.2}% 5
\BOOKMARK [1][-]{section.3}{\376\377\122\115\124\021\117\040\144\255}{}% 6
\BOOKMARK [2][-]{subsection.3.1}{\376\377\123\167\171\357}{section.3}% 7
\BOOKMARK [2][-]{subsection.3.2}{\376\377\123\167\171\357}{section.3}% 8
\BOOKMARK [2][-]{subsection.3.3}{\376\377\227\136\176\277\140\047}{section.3}% 9
\BOOKMARK [2][-]{subsection.3.4}{\376\377\154\140\123\026}{section.3}% 10
\BOOKMARK [2][-]{subsection.3.5}{\376\377\136\163\127\107\154\140\123\026\133\236\163\260}{section.3}% 11
\BOOKMARK [1][-]{section.4}{\376\377\177\121\176\334\213\255\176\303}{}% 12
\BOOKMARK [2][-]{subsection.4.1}{\376\377\213\255\176\303\123\302\145\160}{section.4}% 13
\BOOKMARK [2][-]{subsection.4.2}{\376\377\150\257\136\246\116\013\226\115\154\325}{section.4}% 14
\BOOKMARK [2][-]{subsection.4.3}{\376\377\213\357\135\356\123\315\124\021\117\040\144\255}{section.4}% 15
\BOOKMARK [2][-]{subsection.4.4}{\376\377\213\357\135\356\123\315\124\021\117\040\144\255}{section.4}% 16
\BOOKMARK [2][-]{subsection.4.5}{\376\377\154\140\123\026\134\102\000\040\000\040\121\150\217\336\143\245\134\102}{section.4}% 17
\BOOKMARK [2][-]{subsection.4.6}{\376\377\123\167\171\357\134\102\000\040\000\040\154\140\123\026\134\102}{section.4}% 18
\BOOKMARK [2][-]{subsection.4.7}{\376\377\154\140\123\026\134\102\000\040\000\040\123\167\171\357\134\102}{section.4}% 19
\BOOKMARK [2][-]{subsection.4.8}{\376\377\154\140\123\026\134\102\000\040\000\040\123\167\171\357\134\102}{section.4}% 20
\BOOKMARK [2][-]{subsection.4.9}{\376\377\213\255\176\303\153\145\232\244}{section.4}% 21
\BOOKMARK [1][-]{section.5}{\376\377\136\224\165\050}{}% 22
\BOOKMARK [2][-]{subsection.5.1}{\376\377\000L\000e\000N\000e\000t}{section.5}% 23
\BOOKMARK [3][-]{subsubsection.5.1.1}{\376\377\000L\000e\000N\000e\000t\000-\0005\377\032\122\006\174\173}{subsection.5.1}% 24
\BOOKMARK [3][-]{subsubsection.5.1.2}{\376\377\000M\000N\000I\000S\000T\142\113\121\231\145\160\143\156\226\306}{subsection.5.1}% 25
\BOOKMARK [3][-]{subsubsection.5.1.3}{\376\377\000L\000e\000N\000e\000t\000-\0005\000:\176\323\147\204}{subsection.5.1}% 26
\BOOKMARK [3][-]{subsubsection.5.1.4}{\376\377\000L\000e\000N\000e\000t\000-\0005\377\032\177\121\176\334\123\357\211\306\123\026}{subsection.5.1}% 27
\BOOKMARK [2][-]{subsection.5.2}{\376\377\000M\000C\000D\000N\000N}{section.5}% 28
\BOOKMARK [2][-]{subsection.5.3}{\376\377\000A\000l\000e\000x\000N\000e\000t}{section.5}% 29
\BOOKMARK [3][-]{subsubsection.5.3.1}{\376\377\000R\000e\000L\000U}{subsection.5.3}% 30
\BOOKMARK [3][-]{subsubsection.5.3.2}{\376\377\134\100\220\350\124\315\136\224\137\122\116\000\123\026}{subsection.5.3}% 31
\BOOKMARK [3][-]{subsubsection.5.3.3}{\376\377\000G\000P\000U\217\320\173\227}{subsection.5.3}% 32
\BOOKMARK [3][-]{subsubsection.5.3.4}{\376\377\221\315\123\340\154\140\123\026}{subsection.5.3}% 33
\BOOKMARK [3][-]{subsubsection.5.3.5}{\376\377\000d\000r\000o\000p\000o\000u\000t}{subsection.5.3}% 34
\BOOKMARK [3][-]{subsubsection.5.3.6}{\376\377\155\113\213\325\176\323\147\234}{subsection.5.3}% 35
\BOOKMARK [3][-]{subsubsection.5.3.7}{\376\377\123\167\171\357\150\070\123\357\211\306\123\026}{subsection.5.3}% 36
\BOOKMARK [2][-]{subsection.5.4}{\376\377\000D\000e\000e\000p\000I\000D\377\032\116\272\201\070\213\306\122\053}{section.5}% 37
\BOOKMARK [2][-]{subsection.5.5}{\376\377\000P\000y\000r\000a\000m\000i\000d\000\040\000C\000N\000N}{section.5}% 38
\BOOKMARK [2][-]{subsection.5.6}{\376\377\000F\000a\000s\000t\000\040\000R\000-\000C\000N\000N}{section.5}% 39
\BOOKMARK [3][-]{subsubsection.5.6.1}{\376\377\000R\000-\000C\000N\000N\000:\000\040\0002\0000\0001\0004}{subsection.5.6}% 40
\BOOKMARK [3][-]{subsubsection.5.6.2}{\376\377\000F\000a\000s\000t\000\040\000R\000-\000C\000N\000N\000:\000\040\0002\0000\0001\0005}{subsection.5.6}% 41
\BOOKMARK [1][-]{section.6}{\376\377\142\021\166\204\134\035\213\325}{}% 42
\BOOKMARK [2][-]{subsection.6.1}{\376\377\000S\000T\000L\000-\0001\0000}{section.6}% 43
\BOOKMARK [2][-]{subsection.6.2}{\376\377\000C\000a\000l\000T\000e\000c\000h\0001\0000\0001}{section.6}% 44
\BOOKMARK [2][-]{subsection.6.3}{\376\377\000C\000I\000F\000A\000R\000-\0001\0000}{section.6}% 45
\BOOKMARK [2][-]{subsection.6.4}{\376\377\176\277\140\047\116\016\227\136\176\277\140\047\157\300\155\073\121\375\145\160}{section.6}% 46
\BOOKMARK [2][-]{subsection.6.5}{\376\377\137\205\170\024\172\166}{section.6}% 47
\BOOKMARK [2][-]{subsection.6.6}{\376\377\201\352\177\026\170\001\173\227\154\325}{section.6}% 48
\BOOKMARK [2][-]{subsection.6.7}{\376\377\155\361\136\246\171\136\176\317\177\121\176\334}{section.6}% 49
